<?xml version="1.0" encoding="UTF-8"?>
<!-- Generated by org.testng.reporters.JUnitXMLReporter -->
<testsuite ignored="0" hostname="LBR-9QCHRM3" failures="0" tests="4" name="Default test" time="14.618" errors="0" timestamp="2025-01-24T19:20:32 BRT">
  <testcase classname="testsFront.LoginTest" name="testEmailBlankError" time="0.495"/>
  <testcase classname="testsFront.LoginTest" name="testInvalidCredentialsError" time="0.43"/>
  <testcase classname="testsFront.LoginTest" name="testPasswordBlankError" time="0.439"/>
  <testcase classname="testsFront.LoginTest" name="testValidLogin" time="0.429"/>
</testsuite> <!-- Default test -->
