<?xml version="1.0" encoding="UTF-8"?>
<!-- Generated by org.testng.reporters.JUnitXMLReporter -->
<testsuite ignored="0" hostname="LBR-9QCHRM3" failures="0" tests="4" name="Default test" time="26.828" errors="0" timestamp="2025-01-23T08:24:39 BRT">
  <testcase classname="testsFront.LoginTest" name="testEmailBlankError" time="0.821"/>
  <testcase classname="testsFront.LoginTest" name="testInvalidCredentialsError" time="1.249"/>
  <testcase classname="testsFront.LoginTest" name="testPasswordBlankError" time="0.994"/>
  <testcase classname="testsFront.LoginTest" name="testValidLogin" time="0.977"/>
</testsuite> <!-- Default test -->
