<?xml version="1.0" encoding="UTF-8"?>
<!-- Generated by org.testng.reporters.JUnitXMLReporter -->
<testsuite ignored="0" hostname="LBR-9QCHRM3" failures="0" tests="4" name="Chrome Tests" time="25.828" errors="0" timestamp="2025-01-28T08:03:46 BRT">
  <testcase classname="testsFront.LoginTestLocalSuite" name="testEmailBlankError" time="1.328"/>
  <testcase classname="testsFront.LoginTestLocalSuite" name="testInvalidCredentialsError" time="1.187"/>
  <testcase classname="testsFront.LoginTestLocalSuite" name="testPasswordBlankError" time="0.72"/>
  <testcase classname="testsFront.LoginTestLocalSuite" name="testValidLogin" time="4.991"/>
</testsuite> <!-- Chrome Tests -->
