<?xml version="1.0" encoding="UTF-8"?>
<!-- Generated by org.testng.reporters.JUnitXMLReporter -->
<testsuite ignored="0" hostname="LBR-9QCHRM3" failures="0" tests="4" name="Chrome Tests" time="29.06" errors="0" timestamp="2025-01-22T23:56:43 BRT">
  <testcase classname="testsFront.LoginTest" name="testEmailBlankError" time="0.828"/>
  <testcase classname="testsFront.LoginTest" name="testInvalidCredentialsError" time="1.058"/>
  <testcase classname="testsFront.LoginTest" name="testPasswordBlankError" time="1.706"/>
  <testcase classname="testsFront.LoginTest" name="testValidLogin" time="1.86"/>
</testsuite> <!-- Chrome Tests -->
