<?xml version="1.0" encoding="UTF-8"?>
<!-- Generated by org.testng.reporters.JUnitXMLReporter -->
<testsuite ignored="0" hostname="LBR-9QCHRM3" failures="0" tests="4" name="Edge Tests" time="38.767" errors="0" timestamp="2025-01-27T07:36:42 BRT">
  <testcase classname="testsFront.LoginTestLocalSuite" name="testEmailBlankError" time="3.709"/>
  <testcase classname="testsFront.LoginTestLocalSuite" name="testInvalidCredentialsError" time="0.699"/>
  <testcase classname="testsFront.LoginTestLocalSuite" name="testPasswordBlankError" time="0.485"/>
  <testcase classname="testsFront.LoginTestLocalSuite" name="testValidLogin" time="1.022"/>
</testsuite> <!-- Edge Tests -->
