<?xml version="1.0" encoding="UTF-8"?>
<!-- Generated by org.testng.reporters.JUnitXMLReporter -->
<testsuite ignored="0" hostname="LBR-9QCHRM3" failures="0" tests="4" name="Edge Tests" time="27.04" errors="0" timestamp="2025-01-23T08:37:45 BRT">
  <testcase classname="testsFront.LoginTestLocalSuite" name="testEmailBlankError" time="2.785"/>
  <testcase classname="testsFront.LoginTestLocalSuite" name="testInvalidCredentialsError" time="0.946"/>
  <testcase classname="testsFront.LoginTestLocalSuite" name="testPasswordBlankError" time="1.463"/>
  <testcase classname="testsFront.LoginTestLocalSuite" name="testValidLogin" time="0.796"/>
</testsuite> <!-- Edge Tests -->
