<?xml version="1.0" encoding="UTF-8"?>
<!-- Generated by org.testng.reporters.JUnitXMLReporter -->
<testsuite ignored="0" hostname="LBR-9QCHRM3" failures="0" tests="4" name="Firefox Tests" time="43.712" errors="0" timestamp="2025-01-28T10:17:20 BRT">
  <testcase classname="testsFront.LoginTestLocalSuite" name="testEmailBlankError" time="0.706"/>
  <testcase classname="testsFront.LoginTestLocalSuite" name="testInvalidCredentialsError" time="0.566"/>
  <testcase classname="testsFront.LoginTestLocalSuite" name="testPasswordBlankError" time="0.509"/>
  <testcase classname="testsFront.LoginTestLocalSuite" name="testValidLogin" time="0.625"/>
</testsuite> <!-- Firefox Tests -->
