<?xml version="1.0" encoding="UTF-8"?>
<!-- Generated by org.testng.reporters.JUnitXMLReporter -->
<testsuite ignored="0" hostname="LBR-9QCHRM3" failures="0" tests="4" name="Login Tests" time="31.473" errors="0" timestamp="2025-01-22T23:54:22 BRT">
  <testcase classname="testsFront.LoginTestLocalSuite" name="testEmailBlankError" time="0.532"/>
  <testcase classname="testsFront.LoginTestLocalSuite" name="testInvalidCredentialsError" time="0.535"/>
  <testcase classname="testsFront.LoginTestLocalSuite" name="testPasswordBlankError" time="0.451"/>
  <testcase classname="testsFront.LoginTestLocalSuite" name="testValidLogin" time="0.647"/>
</testsuite> <!-- Login Tests -->
