<?xml version="1.0" encoding="UTF-8"?>
<!-- Generated by org.testng.reporters.JUnitXMLReporter -->
<testsuite ignored="0" hostname="LBR-9QCHRM3" failures="0" tests="4" name="Login Tests" time="14.826" errors="0" timestamp="2025-01-28T08:03:06 BRT">
  <testcase classname="testsFront.LoginTestLocalSuite" name="testEmailBlankError" time="0.527"/>
  <testcase classname="testsFront.LoginTestLocalSuite" name="testInvalidCredentialsError" time="0.553"/>
  <testcase classname="testsFront.LoginTestLocalSuite" name="testPasswordBlankError" time="0.474"/>
  <testcase classname="testsFront.LoginTestLocalSuite" name="testValidLogin" time="0.542"/>
</testsuite> <!-- Login Tests -->
