<?xml version="1.0" encoding="UTF-8"?>
<!-- Generated by org.testng.reporters.JUnitXMLReporter -->
<testsuite ignored="0" hostname="LBR-9QCHRM3" failures="1" tests="4" name="Command line test" time="53.666" errors="0" timestamp="2025-01-22T10:23:09 BRT">
  <testcase classname="testsFront.LoginTest" name="testEmailBlankError" time="10.512"/>
  <testcase classname="testsFront.LoginTest" name="testInvalidCredentialsError" time="10.497"/>
  <testcase classname="testsFront.LoginTest" name="testPasswordBlankError" time="10.701"/>
  <testcase classname="testsFront.LoginTest" name="testValidLogin" time="10.629">
    <failure type="java.lang.AssertionError" message="O texto da mensagem de nível de acesso está incorreto. expected [Products] but found [null]">
      <![CDATA[java.lang.AssertionError: O texto da mensagem de nível de acesso está incorreto. expected [Products] but found [null]
at testsFront.LoginTest.testValidLogin(LoginTest.java:71)
at java.base/java.util.ArrayList.forEach(ArrayList.java:1511)
... Removed 41 stack frames]]>
    </failure>
  </testcase> <!-- testValidLogin -->
</testsuite> <!-- Command line test -->
