<?xml version="1.0" encoding="UTF-8" ?>
<testsuite tests="4" failures="1" name="testsFront.LoginTest" time="42.345" errors="0" skipped="0">
  <properties>
[...]
</properties>
  <testcase classname="testsFront.LoginTest" name="testEmailBlankError" time="10.514"/>
  <testcase classname="testsFront.LoginTest" name="testInvalidCredentialsError" time="10.497"/>
  <testcase classname="testsFront.LoginTest" name="testPasswordBlankError" time="10.702"/>
  <testcase classname="testsFront.LoginTest" name="testValidLogin" time="10.632">
    <failure message="O texto da mensagem de nível de acesso está incorreto. expected [Products] but found [null]" type="java.lang.AssertionError">java.lang.AssertionError: O texto da mensagem de nível de acesso está incorreto. expected [Products] but found [null]
	at org.testng.Assert.fail(Assert.java:111)
	at org.testng.Assert.failNotEquals(Assert.java:1578)
	at org.testng.Assert.assertEqualsImpl(Assert.java:150)
	at org.testng.Assert.assertEquals(Assert.java:132)
	at org.testng.Assert.assertEquals(Assert.java:656)
	at testsFront.LoginTest.testValidLogin(LoginTest.java:71)
</failure>
    <system-err>[main] INFO io.github.bonigarcia.wdm.WebDriverManager - Using chromedriver 132.0.6834.83 (resolved driver for Chrome 132)
[main] INFO io.github.bonigarcia.wdm.WebDriverManager - Exporting webdriver.chrome.driver as C:\Users\ossantos\.cache\selenium\chromedriver\win64\132.0.6834.83\chromedriver.exe
Erro ao obter a mensagem de n�vel de acesso: Cannot invoke &quot;org.openqa.selenium.WebElement.isDisplayed()&quot; because &quot;element&quot; is null
</system-err>
  </testcase>
</testsuite>